<?xml version="1.0" encoding="UTF-8"?>
<!-- Generated by org.testng.reporters.JUnitReportReporter -->
<testsuite skipped="0" hostname="DESKTOP-3G4FMO6" name="com.ebankingTestCases.Logintest" tests="3" failures="0" timestamp="26 Mar 2021 10:54:19 GMT" time="11.969" errors="0">
  <testcase name="urlValidate" time="11.086" classname="com.ebankingTestCases.Logintest"/>
  <testcase name="userLoginValidate" time="0.468" classname="com.ebankingTestCases.Logintest"/>
  <testcase name="companyAboutUs" time="0.415" classname="com.ebankingTestCases.Logintest"/>
</testsuite> <!-- com.ebankingTestCases.Logintest -->
